2010-02-04 13:25:06 (CET)	8 Notice	Undefined index:  sessioncheck	File: tinybrowser.php	Line: 17	
2010-02-04 13:25:13 (CET)	8 Notice	Undefined index:  sessioncheck	File: tinybrowser.php	Line: 17	
2007-01-08 00:07:03 (CET)	2 Warning	opendir(../medias/images/) [<a href='function.opendir'>function.opendir</a>]: failed to open dir: No error	File: upload_process.php	Line: 21	
2007-01-08 00:07:37 (CET)	2 Warning	opendir(../medias/images/) [<a href='function.opendir'>function.opendir</a>]: failed to open dir: No error	File: upload_process.php	Line: 21	
2007-01-08 00:08:21 (CET)	8 Notice	Undefined variable: tinybrowser2	File: upload.php	Line: 45	
2007-01-08 00:08:21 (CET)	2 Warning	opendir(../medias/images/) [<a href='function.opendir'>function.opendir</a>]: failed to open dir: No error	File: fns_tinybrowser.php	Line: 363	
2007-01-08 00:08:21 (CET)	2 Warning	readdir(): supplied argument is not a valid Directory resource	File: fns_tinybrowser.php	Line: 364	
2007-01-08 00:08:21 (CET)	2 Warning	closedir(): supplied argument is not a valid Directory resource	File: fns_tinybrowser.php	Line: 380	
2007-01-08 00:08:25 (CET)	8 Notice	Undefined variable: tinybrowser2	File: upload.php	Line: 45	
2007-01-08 00:08:25 (CET)	2 Warning	opendir(../medias/images/) [<a href='function.opendir'>function.opendir</a>]: failed to open dir: No error	File: fns_tinybrowser.php	Line: 363	
2007-01-08 00:08:25 (CET)	2 Warning	readdir(): supplied argument is not a valid Directory resource	File: fns_tinybrowser.php	Line: 364	
2007-01-08 00:08:25 (CET)	2 Warning	closedir(): supplied argument is not a valid Directory resource	File: fns_tinybrowser.php	Line: 380	
2007-01-08 00:08:55 (CET)	2 Warning	opendir(../medias/images/) [<a href='function.opendir'>function.opendir</a>]: failed to open dir: No error	File: fns_tinybrowser.php	Line: 363	
2007-01-08 00:08:55 (CET)	2 Warning	readdir(): supplied argument is not a valid Directory resource	File: fns_tinybrowser.php	Line: 364	
2007-01-08 00:08:55 (CET)	2 Warning	closedir(): supplied argument is not a valid Directory resource	File: fns_tinybrowser.php	Line: 380	
2007-01-08 00:08:59 (CET)	2 Warning	opendir(../medias/images/) [<a href='function.opendir'>function.opendir</a>]: failed to open dir: No error	File: upload_process.php	Line: 21	
2007-01-08 00:08:59 (CET)	2 Warning	opendir(../medias/images/) [<a href='function.opendir'>function.opendir</a>]: failed to open dir: No error	File: fns_tinybrowser.php	Line: 363	
2007-01-08 00:08:59 (CET)	2 Warning	readdir(): supplied argument is not a valid Directory resource	File: fns_tinybrowser.php	Line: 364	
2007-01-08 00:08:59 (CET)	2 Warning	closedir(): supplied argument is not a valid Directory resource	File: fns_tinybrowser.php	Line: 380	
2007-01-08 00:10:58 (CET)	2 Warning	opendir(../medias/images/) [<a href='function.opendir'>function.opendir</a>]: failed to open dir: No error	File: fns_tinybrowser.php	Line: 363	
2007-01-08 00:10:58 (CET)	2 Warning	readdir(): supplied argument is not a valid Directory resource	File: fns_tinybrowser.php	Line: 364	
2007-01-08 00:10:58 (CET)	2 Warning	closedir(): supplied argument is not a valid Directory resource	File: fns_tinybrowser.php	Line: 380	
2007-01-08 00:11:07 (CET)	2 Warning	opendir(../medias/images/) [<a href='function.opendir'>function.opendir</a>]: failed to open dir: No error	File: fns_tinybrowser.php	Line: 363	
2007-01-08 00:11:07 (CET)	2 Warning	readdir(): supplied argument is not a valid Directory resource	File: fns_tinybrowser.php	Line: 364	
2007-01-08 00:11:07 (CET)	2 Warning	closedir(): supplied argument is not a valid Directory resource	File: fns_tinybrowser.php	Line: 380	
2007-01-08 00:11:11 (CET)	2 Warning	opendir(../medias/images/) [<a href='function.opendir'>function.opendir</a>]: failed to open dir: No error	File: fns_tinybrowser.php	Line: 363	
2007-01-08 00:11:11 (CET)	2 Warning	readdir(): supplied argument is not a valid Directory resource	File: fns_tinybrowser.php	Line: 364	
2007-01-08 00:11:11 (CET)	2 Warning	closedir(): supplied argument is not a valid Directory resource	File: fns_tinybrowser.php	Line: 380	
2007-01-08 00:11:16 (CET)	2 Warning	opendir(../medias/images/) [<a href='function.opendir'>function.opendir</a>]: failed to open dir: No error	File: upload_process.php	Line: 21	
2007-01-08 00:11:16 (CET)	2 Warning	opendir(../medias/images/) [<a href='function.opendir'>function.opendir</a>]: failed to open dir: No error	File: fns_tinybrowser.php	Line: 363	
2007-01-08 00:11:16 (CET)	2 Warning	readdir(): supplied argument is not a valid Directory resource	File: fns_tinybrowser.php	Line: 364	
2007-01-08 00:11:16 (CET)	2 Warning	closedir(): supplied argument is not a valid Directory resource	File: fns_tinybrowser.php	Line: 380	
2007-01-08 00:17:21 (CET)	2 Warning	filemtime() [<a href='function.filemtime'>function.filemtime</a>]: stat failed for ../../../../../medias/images1.jpg	File: tinybrowser.php	Line: 108	
2007-01-08 00:17:21 (CET)	2 Warning	filesize() [<a href='function.filesize'>function.filesize</a>]: stat failed for ../../../../../medias/images1.jpg	File: tinybrowser.php	Line: 109	
2007-01-08 00:17:21 (CET)	2 Warning	getimagesize(../../../../../medias/images1.jpg) [<a href='function.getimagesize'>function.getimagesize</a>]: failed to open stream: No such file or directory	File: tinybrowser.php	Line: 112	
2010-12-17 15:35:26 (CET)	8192 	Function sql_regcase() is deprecated	File: fns_tinybrowser.php	Line: 355	
2010-12-17 15:35:26 (CET)	8192 	Function sql_regcase() is deprecated	File: fns_tinybrowser.php	Line: 355	
2010-12-17 15:35:26 (CET)	8192 	Function sql_regcase() is deprecated	File: fns_tinybrowser.php	Line: 355	
2010-12-17 15:35:26 (CET)	8192 	Function sql_regcase() is deprecated	File: fns_tinybrowser.php	Line: 355	
2010-12-17 15:35:28 (CET)	8192 	Function sql_regcase() is deprecated	File: fns_tinybrowser.php	Line: 355	
2010-12-17 15:35:28 (CET)	8192 	Function sql_regcase() is deprecated	File: fns_tinybrowser.php	Line: 355	
2010-12-17 15:35:28 (CET)	8192 	Function sql_regcase() is deprecated	File: fns_tinybrowser.php	Line: 355	
2010-12-17 15:35:28 (CET)	8192 	Function sql_regcase() is deprecated	File: fns_tinybrowser.php	Line: 355	
2010-12-17 15:35:46 (CET)	8192 	Function sql_regcase() is deprecated	File: fns_tinybrowser.php	Line: 355	
2010-12-17 15:35:57 (CET)	8192 	Function sql_regcase() is deprecated	File: fns_tinybrowser.php	Line: 355	
2010-12-17 15:35:58 (CET)	8192 	Function sql_regcase() is deprecated	File: fns_tinybrowser.php	Line: 355	
2010-12-17 15:36:00 (CET)	8192 	Function sql_regcase() is deprecated	File: fns_tinybrowser.php	Line: 355	
2011-01-24 14:17:58 (CET)	8192 	Function sql_regcase() is deprecated	File: fns_tinybrowser.php	Line: 355	
2011-01-24 14:17:58 (CET)	8192 	Function sql_regcase() is deprecated	File: fns_tinybrowser.php	Line: 355	
2011-01-24 14:17:58 (CET)	8192 	Function sql_regcase() is deprecated	File: fns_tinybrowser.php	Line: 355	
2011-01-24 14:17:58 (CET)	8192 	Function sql_regcase() is deprecated	File: fns_tinybrowser.php	Line: 355	
2011-01-24 14:18:01 (CET)	8192 	Function sql_regcase() is deprecated	File: fns_tinybrowser.php	Line: 355	
2011-01-24 14:18:01 (CET)	8192 	Function sql_regcase() is deprecated	File: fns_tinybrowser.php	Line: 355	
2011-01-24 14:18:01 (CET)	8192 	Function sql_regcase() is deprecated	File: fns_tinybrowser.php	Line: 355	
2011-01-24 14:18:01 (CET)	8192 	Function sql_regcase() is deprecated	File: fns_tinybrowser.php	Line: 355	
2011-03-08 14:47:32 (CET)	8192 	Function sql_regcase() is deprecated	File: fns_tinybrowser.php	Line: 355	
2011-03-08 14:47:32 (CET)	8192 	Function sql_regcase() is deprecated	File: fns_tinybrowser.php	Line: 355	
2011-03-08 14:47:32 (CET)	8192 	Function sql_regcase() is deprecated	File: fns_tinybrowser.php	Line: 355	
2011-03-08 14:47:32 (CET)	8192 	Function sql_regcase() is deprecated	File: fns_tinybrowser.php	Line: 355	
2011-03-09 10:54:54 (CET)	8192 	Function sql_regcase() is deprecated	File: fns_tinybrowser.php	Line: 355	
2011-03-09 10:54:54 (CET)	8192 	Function sql_regcase() is deprecated	File: fns_tinybrowser.php	Line: 355	
2011-03-09 10:54:54 (CET)	8192 	Function sql_regcase() is deprecated	File: fns_tinybrowser.php	Line: 355	
2011-03-09 10:54:54 (CET)	8192 	Function sql_regcase() is deprecated	File: fns_tinybrowser.php	Line: 355	
2011-03-09 10:54:54 (CET)	8192 	Function sql_regcase() is deprecated	File: fns_tinybrowser.php	Line: 371	
2011-03-09 10:54:54 (CET)	8192 	Function sql_regcase() is deprecated	File: fns_tinybrowser.php	Line: 371	
2011-03-09 10:54:54 (CET)	8192 	Function sql_regcase() is deprecated	File: fns_tinybrowser.php	Line: 371	
2011-03-09 10:54:54 (CET)	8192 	Function sql_regcase() is deprecated	File: fns_tinybrowser.php	Line: 371	
2011-03-09 10:55:00 (CET)	8192 	Function sql_regcase() is deprecated	File: fns_tinybrowser.php	Line: 355	
2011-03-09 10:55:00 (CET)	8192 	Function sql_regcase() is deprecated	File: fns_tinybrowser.php	Line: 355	
2011-03-09 10:55:00 (CET)	8192 	Function sql_regcase() is deprecated	File: fns_tinybrowser.php	Line: 355	
2011-03-09 10:55:00 (CET)	8192 	Function sql_regcase() is deprecated	File: fns_tinybrowser.php	Line: 355	
2011-03-09 10:55:00 (CET)	8192 	Function sql_regcase() is deprecated	File: fns_tinybrowser.php	Line: 371	
2011-03-09 10:55:00 (CET)	8192 	Function sql_regcase() is deprecated	File: fns_tinybrowser.php	Line: 371	
2011-03-09 10:55:00 (CET)	8192 	Function sql_regcase() is deprecated	File: fns_tinybrowser.php	Line: 371	
2011-03-09 10:55:00 (CET)	8192 	Function sql_regcase() is deprecated	File: fns_tinybrowser.php	Line: 371	
2011-03-09 10:55:05 (CET)	8192 	Function sql_regcase() is deprecated	File: fns_tinybrowser.php	Line: 355	
2011-03-09 10:55:05 (CET)	8192 	Function sql_regcase() is deprecated	File: fns_tinybrowser.php	Line: 355	
2011-03-09 10:55:05 (CET)	8192 	Function sql_regcase() is deprecated	File: fns_tinybrowser.php	Line: 355	
2011-03-09 10:55:05 (CET)	8192 	Function sql_regcase() is deprecated	File: fns_tinybrowser.php	Line: 355	
2011-03-09 10:55:05 (CET)	8192 	Function sql_regcase() is deprecated	File: fns_tinybrowser.php	Line: 371	
2011-03-09 10:55:05 (CET)	8192 	Function sql_regcase() is deprecated	File: fns_tinybrowser.php	Line: 371	
2011-03-09 10:55:05 (CET)	8192 	Function sql_regcase() is deprecated	File: fns_tinybrowser.php	Line: 371	
2011-03-09 10:55:05 (CET)	8192 	Function sql_regcase() is deprecated	File: fns_tinybrowser.php	Line: 371	
2011-06-24 08:38:19 (UTC)	8192 	Function sql_regcase() is deprecated	File: fns_tinybrowser.php	Line: 355	
2011-06-24 08:38:19 (UTC)	8192 	Function sql_regcase() is deprecated	File: fns_tinybrowser.php	Line: 355	
2011-06-24 08:38:19 (UTC)	8192 	Function sql_regcase() is deprecated	File: fns_tinybrowser.php	Line: 355	
2011-06-24 08:38:19 (UTC)	8192 	Function sql_regcase() is deprecated	File: fns_tinybrowser.php	Line: 355	
2011-06-24 08:38:22 (UTC)	8192 	Function sql_regcase() is deprecated	File: fns_tinybrowser.php	Line: 355	
2011-06-24 08:38:22 (UTC)	8192 	Function sql_regcase() is deprecated	File: fns_tinybrowser.php	Line: 355	
2011-06-24 08:38:22 (UTC)	8192 	Function sql_regcase() is deprecated	File: fns_tinybrowser.php	Line: 355	
2011-06-24 08:38:22 (UTC)	8192 	Function sql_regcase() is deprecated	File: fns_tinybrowser.php	Line: 355	
2011-06-24 10:46:01 (CEST)	8192 	Function sql_regcase() is deprecated	File: fns_tinybrowser.php	Line: 355	
2011-06-24 10:46:01 (CEST)	8192 	Function sql_regcase() is deprecated	File: fns_tinybrowser.php	Line: 355	
2011-06-24 10:46:01 (CEST)	8192 	Function sql_regcase() is deprecated	File: fns_tinybrowser.php	Line: 355	
2011-06-24 10:46:01 (CEST)	8192 	Function sql_regcase() is deprecated	File: fns_tinybrowser.php	Line: 355	
2011-06-24 10:46:04 (CEST)	8192 	Function sql_regcase() is deprecated	File: fns_tinybrowser.php	Line: 355	
2011-06-24 10:46:04 (CEST)	8192 	Function sql_regcase() is deprecated	File: fns_tinybrowser.php	Line: 355	
2011-06-24 10:46:04 (CEST)	8192 	Function sql_regcase() is deprecated	File: fns_tinybrowser.php	Line: 355	
2011-06-24 10:46:04 (CEST)	8192 	Function sql_regcase() is deprecated	File: fns_tinybrowser.php	Line: 355	
2011-06-24 10:46:10 (CEST)	8192 	Function sql_regcase() is deprecated	File: fns_tinybrowser.php	Line: 355	
2011-06-24 10:46:10 (CEST)	8192 	Function sql_regcase() is deprecated	File: fns_tinybrowser.php	Line: 355	
2011-06-24 10:46:10 (CEST)	8192 	Function sql_regcase() is deprecated	File: fns_tinybrowser.php	Line: 355	
2011-06-24 10:46:10 (CEST)	8192 	Function sql_regcase() is deprecated	File: fns_tinybrowser.php	Line: 355	
2011-06-24 10:46:12 (CEST)	8192 	Function sql_regcase() is deprecated	File: fns_tinybrowser.php	Line: 355	
2011-06-24 10:46:12 (CEST)	8192 	Function sql_regcase() is deprecated	File: fns_tinybrowser.php	Line: 355	
2011-06-24 10:46:12 (CEST)	8192 	Function sql_regcase() is deprecated	File: fns_tinybrowser.php	Line: 355	
2011-06-24 10:46:12 (CEST)	8192 	Function sql_regcase() is deprecated	File: fns_tinybrowser.php	Line: 355	
2011-06-29 07:21:42 (UTC)	8192 	Function sql_regcase() is deprecated	File: fns_tinybrowser.php	Line: 355	
2011-06-29 07:21:42 (UTC)	8192 	Function sql_regcase() is deprecated	File: fns_tinybrowser.php	Line: 355	
2011-06-29 07:21:42 (UTC)	8192 	Function sql_regcase() is deprecated	File: fns_tinybrowser.php	Line: 355	
2011-06-29 07:21:42 (UTC)	8192 	Function sql_regcase() is deprecated	File: fns_tinybrowser.php	Line: 355	
2011-06-29 07:21:42 (UTC)	8192 	Function sql_regcase() is deprecated	File: fns_tinybrowser.php	Line: 371	
2011-06-29 07:21:42 (UTC)	8192 	Function sql_regcase() is deprecated	File: fns_tinybrowser.php	Line: 371	
2011-06-29 07:21:42 (UTC)	8192 	Function sql_regcase() is deprecated	File: fns_tinybrowser.php	Line: 371	
2011-06-29 07:21:42 (UTC)	8192 	Function sql_regcase() is deprecated	File: fns_tinybrowser.php	Line: 371	
2011-06-29 07:21:42 (UTC)	8192 	Function sql_regcase() is deprecated	File: fns_tinybrowser.php	Line: 371	
2011-06-29 07:21:42 (UTC)	8192 	Function sql_regcase() is deprecated	File: fns_tinybrowser.php	Line: 371	
2011-06-29 07:21:42 (UTC)	8192 	Function sql_regcase() is deprecated	File: fns_tinybrowser.php	Line: 371	
2011-06-29 07:21:42 (UTC)	8192 	Function sql_regcase() is deprecated	File: fns_tinybrowser.php	Line: 371	
2011-06-29 07:21:42 (UTC)	8192 	Function sql_regcase() is deprecated	File: fns_tinybrowser.php	Line: 371	
2011-06-29 07:21:42 (UTC)	8192 	Function sql_regcase() is deprecated	File: fns_tinybrowser.php	Line: 371	
2011-06-29 07:21:42 (UTC)	8192 	Function sql_regcase() is deprecated	File: fns_tinybrowser.php	Line: 371	
2011-06-29 07:21:42 (UTC)	8192 	Function sql_regcase() is deprecated	File: fns_tinybrowser.php	Line: 371	
2011-06-29 07:21:42 (UTC)	8192 	Function sql_regcase() is deprecated	File: fns_tinybrowser.php	Line: 371	
2011-06-29 07:21:42 (UTC)	8192 	Function sql_regcase() is deprecated	File: fns_tinybrowser.php	Line: 371	
2011-06-29 07:21:42 (UTC)	8192 	Function sql_regcase() is deprecated	File: fns_tinybrowser.php	Line: 371	
2011-06-29 07:21:42 (UTC)	8192 	Function sql_regcase() is deprecated	File: fns_tinybrowser.php	Line: 371	
2011-06-29 07:21:42 (UTC)	8192 	Function sql_regcase() is deprecated	File: fns_tinybrowser.php	Line: 371	
2011-06-29 07:21:42 (UTC)	8192 	Function sql_regcase() is deprecated	File: fns_tinybrowser.php	Line: 371	
2011-06-29 07:21:42 (UTC)	8192 	Function sql_regcase() is deprecated	File: fns_tinybrowser.php	Line: 371	
2011-06-29 07:21:42 (UTC)	8192 	Function sql_regcase() is deprecated	File: fns_tinybrowser.php	Line: 371	
2011-06-29 07:21:42 (UTC)	8192 	Function sql_regcase() is deprecated	File: fns_tinybrowser.php	Line: 371	
2011-06-29 07:21:42 (UTC)	8192 	Function sql_regcase() is deprecated	File: fns_tinybrowser.php	Line: 371	
2011-06-29 07:21:42 (UTC)	8192 	Function sql_regcase() is deprecated	File: fns_tinybrowser.php	Line: 371	
2011-06-29 07:21:42 (UTC)	8192 	Function sql_regcase() is deprecated	File: fns_tinybrowser.php	Line: 371	
2011-06-29 07:21:42 (UTC)	8192 	Function sql_regcase() is deprecated	File: fns_tinybrowser.php	Line: 371	
2011-06-29 07:21:42 (UTC)	8192 	Function sql_regcase() is deprecated	File: fns_tinybrowser.php	Line: 371	
2011-06-29 07:21:42 (UTC)	8192 	Function sql_regcase() is deprecated	File: fns_tinybrowser.php	Line: 371	
2011-06-29 07:21:42 (UTC)	8192 	Function sql_regcase() is deprecated	File: fns_tinybrowser.php	Line: 371	
2011-06-29 07:21:42 (UTC)	8192 	Function sql_regcase() is deprecated	File: fns_tinybrowser.php	Line: 371	
2011-06-29 07:21:42 (UTC)	8192 	Function sql_regcase() is deprecated	File: fns_tinybrowser.php	Line: 371	
2011-06-29 07:21:42 (UTC)	8192 	Function sql_regcase() is deprecated	File: fns_tinybrowser.php	Line: 371	
2011-06-29 07:21:42 (UTC)	8192 	Function sql_regcase() is deprecated	File: fns_tinybrowser.php	Line: 371	
2011-06-29 07:21:44 (UTC)	8192 	Function sql_regcase() is deprecated	File: fns_tinybrowser.php	Line: 355	
2011-06-29 07:21:44 (UTC)	8192 	Function sql_regcase() is deprecated	File: fns_tinybrowser.php	Line: 355	
2011-06-29 07:21:44 (UTC)	8192 	Function sql_regcase() is deprecated	File: fns_tinybrowser.php	Line: 355	
2011-06-29 07:21:44 (UTC)	8192 	Function sql_regcase() is deprecated	File: fns_tinybrowser.php	Line: 355	
2011-06-29 07:21:44 (UTC)	8192 	Function sql_regcase() is deprecated	File: fns_tinybrowser.php	Line: 371	
2011-06-29 07:21:44 (UTC)	8192 	Function sql_regcase() is deprecated	File: fns_tinybrowser.php	Line: 371	
2011-06-29 07:21:44 (UTC)	8192 	Function sql_regcase() is deprecated	File: fns_tinybrowser.php	Line: 371	
2011-06-29 07:21:44 (UTC)	8192 	Function sql_regcase() is deprecated	File: fns_tinybrowser.php	Line: 371	
2011-06-29 07:21:44 (UTC)	8192 	Function sql_regcase() is deprecated	File: fns_tinybrowser.php	Line: 371	
2011-06-29 07:21:44 (UTC)	8192 	Function sql_regcase() is deprecated	File: fns_tinybrowser.php	Line: 371	
2011-06-29 07:21:44 (UTC)	8192 	Function sql_regcase() is deprecated	File: fns_tinybrowser.php	Line: 371	
2011-06-29 07:21:44 (UTC)	8192 	Function sql_regcase() is deprecated	File: fns_tinybrowser.php	Line: 371	
2011-06-29 07:21:44 (UTC)	8192 	Function sql_regcase() is deprecated	File: fns_tinybrowser.php	Line: 371	
2011-06-29 07:21:44 (UTC)	8192 	Function sql_regcase() is deprecated	File: fns_tinybrowser.php	Line: 371	
2011-06-29 07:21:44 (UTC)	8192 	Function sql_regcase() is deprecated	File: fns_tinybrowser.php	Line: 371	
2011-06-29 07:21:44 (UTC)	8192 	Function sql_regcase() is deprecated	File: fns_tinybrowser.php	Line: 371	
2011-06-29 07:21:44 (UTC)	8192 	Function sql_regcase() is deprecated	File: fns_tinybrowser.php	Line: 371	
2011-06-29 07:21:44 (UTC)	8192 	Function sql_regcase() is deprecated	File: fns_tinybrowser.php	Line: 371	
2011-06-29 07:21:44 (UTC)	8192 	Function sql_regcase() is deprecated	File: fns_tinybrowser.php	Line: 371	
2011-06-29 07:21:44 (UTC)	8192 	Function sql_regcase() is deprecated	File: fns_tinybrowser.php	Line: 371	
2011-06-29 07:21:44 (UTC)	8192 	Function sql_regcase() is deprecated	File: fns_tinybrowser.php	Line: 371	
2011-06-29 07:21:44 (UTC)	8192 	Function sql_regcase() is deprecated	File: fns_tinybrowser.php	Line: 371	
2011-06-29 07:21:44 (UTC)	8192 	Function sql_regcase() is deprecated	File: fns_tinybrowser.php	Line: 371	
2011-06-29 07:21:44 (UTC)	8192 	Function sql_regcase() is deprecated	File: fns_tinybrowser.php	Line: 371	
2011-06-29 07:21:44 (UTC)	8192 	Function sql_regcase() is deprecated	File: fns_tinybrowser.php	Line: 371	
2011-06-29 07:21:44 (UTC)	8192 	Function sql_regcase() is deprecated	File: fns_tinybrowser.php	Line: 371	
2011-06-29 07:21:44 (UTC)	8192 	Function sql_regcase() is deprecated	File: fns_tinybrowser.php	Line: 371	
2011-06-29 07:21:44 (UTC)	8192 	Function sql_regcase() is deprecated	File: fns_tinybrowser.php	Line: 371	
2011-06-29 07:21:44 (UTC)	8192 	Function sql_regcase() is deprecated	File: fns_tinybrowser.php	Line: 371	
2011-06-29 07:21:44 (UTC)	8192 	Function sql_regcase() is deprecated	File: fns_tinybrowser.php	Line: 371	
2011-06-29 07:21:44 (UTC)	8192 	Function sql_regcase() is deprecated	File: fns_tinybrowser.php	Line: 371	
2011-06-29 07:21:44 (UTC)	8192 	Function sql_regcase() is deprecated	File: fns_tinybrowser.php	Line: 371	
2011-06-29 07:21:44 (UTC)	8192 	Function sql_regcase() is deprecated	File: fns_tinybrowser.php	Line: 371	
2011-06-29 07:21:44 (UTC)	8192 	Function sql_regcase() is deprecated	File: fns_tinybrowser.php	Line: 371	
2011-06-29 07:21:44 (UTC)	8192 	Function sql_regcase() is deprecated	File: fns_tinybrowser.php	Line: 371	
2011-06-29 07:21:44 (UTC)	8192 	Function sql_regcase() is deprecated	File: fns_tinybrowser.php	Line: 371	
2011-06-29 07:35:20 (UTC)	8192 	Function sql_regcase() is deprecated	File: fns_tinybrowser.php	Line: 355	
2011-06-29 07:35:20 (UTC)	8192 	Function sql_regcase() is deprecated	File: fns_tinybrowser.php	Line: 355	
2011-06-29 07:35:20 (UTC)	8192 	Function sql_regcase() is deprecated	File: fns_tinybrowser.php	Line: 355	
2011-06-29 07:35:20 (UTC)	8192 	Function sql_regcase() is deprecated	File: fns_tinybrowser.php	Line: 355	
2011-06-29 07:35:20 (UTC)	8192 	Function sql_regcase() is deprecated	File: fns_tinybrowser.php	Line: 371	
2011-06-29 07:35:20 (UTC)	8192 	Function sql_regcase() is deprecated	File: fns_tinybrowser.php	Line: 371	
2011-06-29 07:35:20 (UTC)	8192 	Function sql_regcase() is deprecated	File: fns_tinybrowser.php	Line: 371	
2011-06-29 07:35:20 (UTC)	8192 	Function sql_regcase() is deprecated	File: fns_tinybrowser.php	Line: 371	
2011-06-29 07:35:20 (UTC)	8192 	Function sql_regcase() is deprecated	File: fns_tinybrowser.php	Line: 371	
2011-06-29 07:35:20 (UTC)	8192 	Function sql_regcase() is deprecated	File: fns_tinybrowser.php	Line: 371	
2011-06-29 07:35:20 (UTC)	8192 	Function sql_regcase() is deprecated	File: fns_tinybrowser.php	Line: 371	
2011-06-29 07:35:20 (UTC)	8192 	Function sql_regcase() is deprecated	File: fns_tinybrowser.php	Line: 371	
2011-06-29 07:35:20 (UTC)	8192 	Function sql_regcase() is deprecated	File: fns_tinybrowser.php	Line: 371	
2011-06-29 07:35:20 (UTC)	8192 	Function sql_regcase() is deprecated	File: fns_tinybrowser.php	Line: 371	
2011-06-29 07:35:20 (UTC)	8192 	Function sql_regcase() is deprecated	File: fns_tinybrowser.php	Line: 371	
2011-06-29 07:35:20 (UTC)	8192 	Function sql_regcase() is deprecated	File: fns_tinybrowser.php	Line: 371	
2011-06-29 07:35:20 (UTC)	8192 	Function sql_regcase() is deprecated	File: fns_tinybrowser.php	Line: 371	
2011-06-29 07:35:20 (UTC)	8192 	Function sql_regcase() is deprecated	File: fns_tinybrowser.php	Line: 371	
2011-06-29 07:35:20 (UTC)	8192 	Function sql_regcase() is deprecated	File: fns_tinybrowser.php	Line: 371	
2011-06-29 07:35:20 (UTC)	8192 	Function sql_regcase() is deprecated	File: fns_tinybrowser.php	Line: 371	
2011-06-29 07:35:20 (UTC)	8192 	Function sql_regcase() is deprecated	File: fns_tinybrowser.php	Line: 371	
2011-06-29 07:35:20 (UTC)	8192 	Function sql_regcase() is deprecated	File: fns_tinybrowser.php	Line: 371	
2011-06-29 07:35:20 (UTC)	8192 	Function sql_regcase() is deprecated	File: fns_tinybrowser.php	Line: 371	
2011-06-29 07:35:20 (UTC)	8192 	Function sql_regcase() is deprecated	File: fns_tinybrowser.php	Line: 371	
2011-06-29 07:35:20 (UTC)	8192 	Function sql_regcase() is deprecated	File: fns_tinybrowser.php	Line: 371	
2011-06-29 07:35:20 (UTC)	8192 	Function sql_regcase() is deprecated	File: fns_tinybrowser.php	Line: 371	
2011-06-29 07:35:20 (UTC)	8192 	Function sql_regcase() is deprecated	File: fns_tinybrowser.php	Line: 371	
2011-06-29 07:35:20 (UTC)	8192 	Function sql_regcase() is deprecated	File: fns_tinybrowser.php	Line: 371	
2011-06-29 07:35:20 (UTC)	8192 	Function sql_regcase() is deprecated	File: fns_tinybrowser.php	Line: 371	
2011-06-29 07:35:20 (UTC)	8192 	Function sql_regcase() is deprecated	File: fns_tinybrowser.php	Line: 371	
2011-06-29 07:35:20 (UTC)	8192 	Function sql_regcase() is deprecated	File: fns_tinybrowser.php	Line: 371	
2011-06-29 07:35:20 (UTC)	8192 	Function sql_regcase() is deprecated	File: fns_tinybrowser.php	Line: 371	
2011-06-29 07:35:20 (UTC)	8192 	Function sql_regcase() is deprecated	File: fns_tinybrowser.php	Line: 371	
2011-06-29 07:35:20 (UTC)	8192 	Function sql_regcase() is deprecated	File: fns_tinybrowser.php	Line: 371	
2011-06-29 07:35:20 (UTC)	8192 	Function sql_regcase() is deprecated	File: fns_tinybrowser.php	Line: 371	
2011-06-29 07:35:20 (UTC)	8192 	Function sql_regcase() is deprecated	File: fns_tinybrowser.php	Line: 371	
2011-06-29 07:35:23 (UTC)	8192 	Function sql_regcase() is deprecated	File: fns_tinybrowser.php	Line: 355	
2011-06-29 07:35:23 (UTC)	8192 	Function sql_regcase() is deprecated	File: fns_tinybrowser.php	Line: 355	
2011-06-29 07:35:23 (UTC)	8192 	Function sql_regcase() is deprecated	File: fns_tinybrowser.php	Line: 355	
2011-06-29 07:35:23 (UTC)	8192 	Function sql_regcase() is deprecated	File: fns_tinybrowser.php	Line: 355	
2011-06-29 07:35:23 (UTC)	8192 	Function sql_regcase() is deprecated	File: fns_tinybrowser.php	Line: 371	
2011-06-29 07:35:23 (UTC)	8192 	Function sql_regcase() is deprecated	File: fns_tinybrowser.php	Line: 371	
2011-06-29 07:35:23 (UTC)	8192 	Function sql_regcase() is deprecated	File: fns_tinybrowser.php	Line: 371	
2011-06-29 07:35:23 (UTC)	8192 	Function sql_regcase() is deprecated	File: fns_tinybrowser.php	Line: 371	
2011-06-29 07:35:23 (UTC)	8192 	Function sql_regcase() is deprecated	File: fns_tinybrowser.php	Line: 371	
2011-06-29 07:35:23 (UTC)	8192 	Function sql_regcase() is deprecated	File: fns_tinybrowser.php	Line: 371	
2011-06-29 07:35:23 (UTC)	8192 	Function sql_regcase() is deprecated	File: fns_tinybrowser.php	Line: 371	
2011-06-29 07:35:23 (UTC)	8192 	Function sql_regcase() is deprecated	File: fns_tinybrowser.php	Line: 371	
2011-06-29 07:35:23 (UTC)	8192 	Function sql_regcase() is deprecated	File: fns_tinybrowser.php	Line: 371	
2011-06-29 07:35:23 (UTC)	8192 	Function sql_regcase() is deprecated	File: fns_tinybrowser.php	Line: 371	
2011-06-29 07:35:23 (UTC)	8192 	Function sql_regcase() is deprecated	File: fns_tinybrowser.php	Line: 371	
2011-06-29 07:35:23 (UTC)	8192 	Function sql_regcase() is deprecated	File: fns_tinybrowser.php	Line: 371	
2011-06-29 07:35:23 (UTC)	8192 	Function sql_regcase() is deprecated	File: fns_tinybrowser.php	Line: 371	
2011-06-29 07:35:23 (UTC)	8192 	Function sql_regcase() is deprecated	File: fns_tinybrowser.php	Line: 371	
2011-06-29 07:35:23 (UTC)	8192 	Function sql_regcase() is deprecated	File: fns_tinybrowser.php	Line: 371	
2011-06-29 07:35:23 (UTC)	8192 	Function sql_regcase() is deprecated	File: fns_tinybrowser.php	Line: 371	
2011-06-29 07:35:23 (UTC)	8192 	Function sql_regcase() is deprecated	File: fns_tinybrowser.php	Line: 371	
2011-06-29 07:35:23 (UTC)	8192 	Function sql_regcase() is deprecated	File: fns_tinybrowser.php	Line: 371	
2011-06-29 07:35:23 (UTC)	8192 	Function sql_regcase() is deprecated	File: fns_tinybrowser.php	Line: 371	
2011-06-29 07:35:23 (UTC)	8192 	Function sql_regcase() is deprecated	File: fns_tinybrowser.php	Line: 371	
2011-06-29 07:35:23 (UTC)	8192 	Function sql_regcase() is deprecated	File: fns_tinybrowser.php	Line: 371	
2011-06-29 07:35:23 (UTC)	8192 	Function sql_regcase() is deprecated	File: fns_tinybrowser.php	Line: 371	
2011-06-29 07:35:23 (UTC)	8192 	Function sql_regcase() is deprecated	File: fns_tinybrowser.php	Line: 371	
2011-06-29 07:35:23 (UTC)	8192 	Function sql_regcase() is deprecated	File: fns_tinybrowser.php	Line: 371	
2011-06-29 07:35:23 (UTC)	8192 	Function sql_regcase() is deprecated	File: fns_tinybrowser.php	Line: 371	
2011-06-29 07:35:23 (UTC)	8192 	Function sql_regcase() is deprecated	File: fns_tinybrowser.php	Line: 371	
2011-06-29 07:35:23 (UTC)	8192 	Function sql_regcase() is deprecated	File: fns_tinybrowser.php	Line: 371	
2011-06-29 07:35:23 (UTC)	8192 	Function sql_regcase() is deprecated	File: fns_tinybrowser.php	Line: 371	
2011-06-29 07:35:23 (UTC)	8192 	Function sql_regcase() is deprecated	File: fns_tinybrowser.php	Line: 371	
2011-06-29 07:35:23 (UTC)	8192 	Function sql_regcase() is deprecated	File: fns_tinybrowser.php	Line: 371	
2011-06-29 07:35:23 (UTC)	8192 	Function sql_regcase() is deprecated	File: fns_tinybrowser.php	Line: 371	
2011-06-29 07:35:23 (UTC)	8192 	Function sql_regcase() is deprecated	File: fns_tinybrowser.php	Line: 371	
2011-06-29 07:35:30 (UTC)	8192 	Function sql_regcase() is deprecated	File: fns_tinybrowser.php	Line: 355	
2011-06-29 07:35:30 (UTC)	8192 	Function sql_regcase() is deprecated	File: fns_tinybrowser.php	Line: 355	
2011-06-29 07:35:30 (UTC)	8192 	Function sql_regcase() is deprecated	File: fns_tinybrowser.php	Line: 355	
2011-06-29 07:35:30 (UTC)	8192 	Function sql_regcase() is deprecated	File: fns_tinybrowser.php	Line: 355	
2011-06-29 07:35:30 (UTC)	8192 	Function sql_regcase() is deprecated	File: fns_tinybrowser.php	Line: 371	
2011-06-29 07:35:30 (UTC)	8192 	Function sql_regcase() is deprecated	File: fns_tinybrowser.php	Line: 371	
2011-06-29 07:35:30 (UTC)	8192 	Function sql_regcase() is deprecated	File: fns_tinybrowser.php	Line: 371	
2011-06-29 07:35:30 (UTC)	8192 	Function sql_regcase() is deprecated	File: fns_tinybrowser.php	Line: 371	
2011-06-29 07:35:30 (UTC)	8192 	Function sql_regcase() is deprecated	File: fns_tinybrowser.php	Line: 371	
2011-06-29 07:35:30 (UTC)	8192 	Function sql_regcase() is deprecated	File: fns_tinybrowser.php	Line: 371	
2011-06-29 07:35:30 (UTC)	8192 	Function sql_regcase() is deprecated	File: fns_tinybrowser.php	Line: 371	
2011-06-29 07:35:30 (UTC)	8192 	Function sql_regcase() is deprecated	File: fns_tinybrowser.php	Line: 371	
2011-06-29 07:35:30 (UTC)	8192 	Function sql_regcase() is deprecated	File: fns_tinybrowser.php	Line: 371	
2011-06-29 07:35:30 (UTC)	8192 	Function sql_regcase() is deprecated	File: fns_tinybrowser.php	Line: 371	
2011-06-29 07:35:30 (UTC)	8192 	Function sql_regcase() is deprecated	File: fns_tinybrowser.php	Line: 371	
2011-06-29 07:35:30 (UTC)	8192 	Function sql_regcase() is deprecated	File: fns_tinybrowser.php	Line: 371	
2011-06-29 07:35:30 (UTC)	8192 	Function sql_regcase() is deprecated	File: fns_tinybrowser.php	Line: 371	
2011-06-29 07:35:30 (UTC)	8192 	Function sql_regcase() is deprecated	File: fns_tinybrowser.php	Line: 371	
2011-06-29 07:35:30 (UTC)	8192 	Function sql_regcase() is deprecated	File: fns_tinybrowser.php	Line: 371	
2011-06-29 07:35:30 (UTC)	8192 	Function sql_regcase() is deprecated	File: fns_tinybrowser.php	Line: 371	
2011-06-29 07:35:30 (UTC)	8192 	Function sql_regcase() is deprecated	File: fns_tinybrowser.php	Line: 371	
2011-06-29 07:35:30 (UTC)	8192 	Function sql_regcase() is deprecated	File: fns_tinybrowser.php	Line: 371	
2011-06-29 07:35:30 (UTC)	8192 	Function sql_regcase() is deprecated	File: fns_tinybrowser.php	Line: 371	
2011-06-29 07:35:30 (UTC)	8192 	Function sql_regcase() is deprecated	File: fns_tinybrowser.php	Line: 371	
2011-06-29 07:35:30 (UTC)	8192 	Function sql_regcase() is deprecated	File: fns_tinybrowser.php	Line: 371	
2011-06-29 07:35:30 (UTC)	8192 	Function sql_regcase() is deprecated	File: fns_tinybrowser.php	Line: 371	
2011-06-29 07:35:30 (UTC)	8192 	Function sql_regcase() is deprecated	File: fns_tinybrowser.php	Line: 371	
2011-06-29 07:35:30 (UTC)	8192 	Function sql_regcase() is deprecated	File: fns_tinybrowser.php	Line: 371	
2011-06-29 07:35:30 (UTC)	8192 	Function sql_regcase() is deprecated	File: fns_tinybrowser.php	Line: 371	
2011-06-29 07:35:30 (UTC)	8192 	Function sql_regcase() is deprecated	File: fns_tinybrowser.php	Line: 371	
2011-06-29 07:35:30 (UTC)	8192 	Function sql_regcase() is deprecated	File: fns_tinybrowser.php	Line: 371	
2011-06-29 07:35:30 (UTC)	8192 	Function sql_regcase() is deprecated	File: fns_tinybrowser.php	Line: 371	
2011-06-29 07:35:30 (UTC)	8192 	Function sql_regcase() is deprecated	File: fns_tinybrowser.php	Line: 371	
2011-06-29 07:35:30 (UTC)	8192 	Function sql_regcase() is deprecated	File: fns_tinybrowser.php	Line: 371	
2011-06-29 07:35:30 (UTC)	8192 	Function sql_regcase() is deprecated	File: fns_tinybrowser.php	Line: 371	
2011-06-29 07:35:30 (UTC)	8192 	Function sql_regcase() is deprecated	File: fns_tinybrowser.php	Line: 371	
2011-06-29 07:35:45 (UTC)	8192 	Function sql_regcase() is deprecated	File: fns_tinybrowser.php	Line: 355	
2011-06-29 07:35:45 (UTC)	8192 	Function sql_regcase() is deprecated	File: fns_tinybrowser.php	Line: 355	
2011-06-29 07:35:45 (UTC)	8192 	Function sql_regcase() is deprecated	File: fns_tinybrowser.php	Line: 355	
2011-06-29 07:35:45 (UTC)	8192 	Function sql_regcase() is deprecated	File: fns_tinybrowser.php	Line: 355	
2011-06-29 07:35:45 (UTC)	8192 	Function sql_regcase() is deprecated	File: fns_tinybrowser.php	Line: 371	
2011-06-29 07:35:45 (UTC)	8192 	Function sql_regcase() is deprecated	File: fns_tinybrowser.php	Line: 371	
2011-06-29 07:35:45 (UTC)	8192 	Function sql_regcase() is deprecated	File: fns_tinybrowser.php	Line: 371	
2011-06-29 07:35:45 (UTC)	8192 	Function sql_regcase() is deprecated	File: fns_tinybrowser.php	Line: 371	
2011-06-29 07:35:45 (UTC)	8192 	Function sql_regcase() is deprecated	File: fns_tinybrowser.php	Line: 371	
2011-06-29 07:35:45 (UTC)	8192 	Function sql_regcase() is deprecated	File: fns_tinybrowser.php	Line: 371	
2011-06-29 07:35:45 (UTC)	8192 	Function sql_regcase() is deprecated	File: fns_tinybrowser.php	Line: 371	
2011-06-29 07:35:45 (UTC)	8192 	Function sql_regcase() is deprecated	File: fns_tinybrowser.php	Line: 371	
2011-06-29 07:35:45 (UTC)	8192 	Function sql_regcase() is deprecated	File: fns_tinybrowser.php	Line: 371	
2011-06-29 07:35:45 (UTC)	8192 	Function sql_regcase() is deprecated	File: fns_tinybrowser.php	Line: 371	
2011-06-29 07:35:45 (UTC)	8192 	Function sql_regcase() is deprecated	File: fns_tinybrowser.php	Line: 371	
2011-06-29 07:35:45 (UTC)	8192 	Function sql_regcase() is deprecated	File: fns_tinybrowser.php	Line: 371	
2011-06-29 07:35:45 (UTC)	8192 	Function sql_regcase() is deprecated	File: fns_tinybrowser.php	Line: 371	
2011-06-29 07:35:45 (UTC)	8192 	Function sql_regcase() is deprecated	File: fns_tinybrowser.php	Line: 371	
2011-06-29 07:35:45 (UTC)	8192 	Function sql_regcase() is deprecated	File: fns_tinybrowser.php	Line: 371	
2011-06-29 07:35:45 (UTC)	8192 	Function sql_regcase() is deprecated	File: fns_tinybrowser.php	Line: 371	
2011-06-29 07:35:45 (UTC)	8192 	Function sql_regcase() is deprecated	File: fns_tinybrowser.php	Line: 371	
2011-06-29 07:35:45 (UTC)	8192 	Function sql_regcase() is deprecated	File: fns_tinybrowser.php	Line: 371	
2011-06-29 07:35:45 (UTC)	8192 	Function sql_regcase() is deprecated	File: fns_tinybrowser.php	Line: 371	
2011-06-29 07:35:45 (UTC)	8192 	Function sql_regcase() is deprecated	File: fns_tinybrowser.php	Line: 371	
2011-06-29 07:35:45 (UTC)	8192 	Function sql_regcase() is deprecated	File: fns_tinybrowser.php	Line: 371	
2011-06-29 07:35:45 (UTC)	8192 	Function sql_regcase() is deprecated	File: fns_tinybrowser.php	Line: 371	
2011-06-29 07:35:45 (UTC)	8192 	Function sql_regcase() is deprecated	File: fns_tinybrowser.php	Line: 371	
2011-06-29 07:35:45 (UTC)	8192 	Function sql_regcase() is deprecated	File: fns_tinybrowser.php	Line: 371	
2011-06-29 07:35:45 (UTC)	8192 	Function sql_regcase() is deprecated	File: fns_tinybrowser.php	Line: 371	
2011-06-29 07:35:45 (UTC)	8192 	Function sql_regcase() is deprecated	File: fns_tinybrowser.php	Line: 371	
2011-06-29 07:35:45 (UTC)	8192 	Function sql_regcase() is deprecated	File: fns_tinybrowser.php	Line: 371	
2011-06-29 07:35:45 (UTC)	8192 	Function sql_regcase() is deprecated	File: fns_tinybrowser.php	Line: 371	
2011-06-29 07:35:45 (UTC)	8192 	Function sql_regcase() is deprecated	File: fns_tinybrowser.php	Line: 371	
2011-06-29 07:35:45 (UTC)	8192 	Function sql_regcase() is deprecated	File: fns_tinybrowser.php	Line: 371	
2011-06-29 07:35:45 (UTC)	8192 	Function sql_regcase() is deprecated	File: fns_tinybrowser.php	Line: 371	
2011-06-29 07:35:45 (UTC)	8192 	Function sql_regcase() is deprecated	File: fns_tinybrowser.php	Line: 371	
2011-06-29 07:35:49 (UTC)	8192 	Function sql_regcase() is deprecated	File: fns_tinybrowser.php	Line: 355	
2011-06-29 07:35:49 (UTC)	8192 	Function sql_regcase() is deprecated	File: fns_tinybrowser.php	Line: 355	
2011-06-29 07:35:49 (UTC)	8192 	Function sql_regcase() is deprecated	File: fns_tinybrowser.php	Line: 355	
2011-06-29 07:35:49 (UTC)	8192 	Function sql_regcase() is deprecated	File: fns_tinybrowser.php	Line: 355	
2011-06-29 07:35:49 (UTC)	8192 	Function sql_regcase() is deprecated	File: fns_tinybrowser.php	Line: 371	
2011-06-29 07:35:49 (UTC)	8192 	Function sql_regcase() is deprecated	File: fns_tinybrowser.php	Line: 371	
2011-06-29 07:35:49 (UTC)	8192 	Function sql_regcase() is deprecated	File: fns_tinybrowser.php	Line: 371	
2011-06-29 07:35:49 (UTC)	8192 	Function sql_regcase() is deprecated	File: fns_tinybrowser.php	Line: 371	
2011-06-29 07:35:49 (UTC)	8192 	Function sql_regcase() is deprecated	File: fns_tinybrowser.php	Line: 371	
2011-06-29 07:35:49 (UTC)	8192 	Function sql_regcase() is deprecated	File: fns_tinybrowser.php	Line: 371	
2011-06-29 07:35:49 (UTC)	8192 	Function sql_regcase() is deprecated	File: fns_tinybrowser.php	Line: 371	
2011-06-29 07:35:49 (UTC)	8192 	Function sql_regcase() is deprecated	File: fns_tinybrowser.php	Line: 371	
2011-06-29 07:35:49 (UTC)	8192 	Function sql_regcase() is deprecated	File: fns_tinybrowser.php	Line: 371	
2011-06-29 07:35:49 (UTC)	8192 	Function sql_regcase() is deprecated	File: fns_tinybrowser.php	Line: 371	
2011-06-29 07:35:49 (UTC)	8192 	Function sql_regcase() is deprecated	File: fns_tinybrowser.php	Line: 371	
2011-06-29 07:35:49 (UTC)	8192 	Function sql_regcase() is deprecated	File: fns_tinybrowser.php	Line: 371	
2011-06-29 07:35:49 (UTC)	8192 	Function sql_regcase() is deprecated	File: fns_tinybrowser.php	Line: 371	
2011-06-29 07:35:49 (UTC)	8192 	Function sql_regcase() is deprecated	File: fns_tinybrowser.php	Line: 371	
2011-06-29 07:35:49 (UTC)	8192 	Function sql_regcase() is deprecated	File: fns_tinybrowser.php	Line: 371	
2011-06-29 07:35:49 (UTC)	8192 	Function sql_regcase() is deprecated	File: fns_tinybrowser.php	Line: 371	
2011-06-29 07:35:49 (UTC)	8192 	Function sql_regcase() is deprecated	File: fns_tinybrowser.php	Line: 371	
2011-06-29 07:35:49 (UTC)	8192 	Function sql_regcase() is deprecated	File: fns_tinybrowser.php	Line: 371	
2011-06-29 07:35:49 (UTC)	8192 	Function sql_regcase() is deprecated	File: fns_tinybrowser.php	Line: 371	
2011-06-29 07:35:49 (UTC)	8192 	Function sql_regcase() is deprecated	File: fns_tinybrowser.php	Line: 371	
2011-06-29 07:35:49 (UTC)	8192 	Function sql_regcase() is deprecated	File: fns_tinybrowser.php	Line: 371	
2011-06-29 07:35:49 (UTC)	8192 	Function sql_regcase() is deprecated	File: fns_tinybrowser.php	Line: 371	
2011-06-29 07:35:49 (UTC)	8192 	Function sql_regcase() is deprecated	File: fns_tinybrowser.php	Line: 371	
2011-06-29 07:35:49 (UTC)	8192 	Function sql_regcase() is deprecated	File: fns_tinybrowser.php	Line: 371	
2011-06-29 07:35:49 (UTC)	8192 	Function sql_regcase() is deprecated	File: fns_tinybrowser.php	Line: 371	
2011-06-29 07:35:49 (UTC)	8192 	Function sql_regcase() is deprecated	File: fns_tinybrowser.php	Line: 371	
2011-06-29 07:35:49 (UTC)	8192 	Function sql_regcase() is deprecated	File: fns_tinybrowser.php	Line: 371	
2011-06-29 07:35:49 (UTC)	8192 	Function sql_regcase() is deprecated	File: fns_tinybrowser.php	Line: 371	
2011-06-29 07:35:49 (UTC)	8192 	Function sql_regcase() is deprecated	File: fns_tinybrowser.php	Line: 371	
2011-06-29 07:35:49 (UTC)	8192 	Function sql_regcase() is deprecated	File: fns_tinybrowser.php	Line: 371	
2011-06-29 07:35:49 (UTC)	8192 	Function sql_regcase() is deprecated	File: fns_tinybrowser.php	Line: 371	
2011-06-29 07:35:49 (UTC)	8192 	Function sql_regcase() is deprecated	File: fns_tinybrowser.php	Line: 371	
2011-06-29 08:02:41 (UTC)	8192 	Function sql_regcase() is deprecated	File: fns_tinybrowser.php	Line: 355	
2011-06-29 08:02:41 (UTC)	8192 	Function sql_regcase() is deprecated	File: fns_tinybrowser.php	Line: 371	
2011-06-29 08:02:41 (UTC)	8192 	Function sql_regcase() is deprecated	File: fns_tinybrowser.php	Line: 371	
2011-06-29 08:02:41 (UTC)	8192 	Function sql_regcase() is deprecated	File: fns_tinybrowser.php	Line: 371	
2011-06-29 08:02:41 (UTC)	8192 	Function sql_regcase() is deprecated	File: fns_tinybrowser.php	Line: 371	
2011-06-29 08:02:41 (UTC)	8192 	Function sql_regcase() is deprecated	File: fns_tinybrowser.php	Line: 371	
2011-06-29 08:02:41 (UTC)	8192 	Function sql_regcase() is deprecated	File: fns_tinybrowser.php	Line: 371	
2011-06-29 08:02:41 (UTC)	8192 	Function sql_regcase() is deprecated	File: fns_tinybrowser.php	Line: 371	
2011-06-29 08:02:41 (UTC)	8192 	Function sql_regcase() is deprecated	File: fns_tinybrowser.php	Line: 371	
2012-03-01 15:25:53 (UTC)	8192 	Function sql_regcase() is deprecated	File: fns_tinybrowser.php	Line: 355	
2012-03-01 15:25:53 (UTC)	8192 	Function sql_regcase() is deprecated	File: fns_tinybrowser.php	Line: 355	
2012-03-01 15:25:53 (UTC)	8192 	Function sql_regcase() is deprecated	File: fns_tinybrowser.php	Line: 355	
2012-03-01 15:25:53 (UTC)	8192 	Function sql_regcase() is deprecated	File: fns_tinybrowser.php	Line: 355	
2012-03-01 15:28:05 (UTC)	8192 	Function sql_regcase() is deprecated	File: fns_tinybrowser.php	Line: 355	
2012-03-01 15:28:05 (UTC)	8192 	Function sql_regcase() is deprecated	File: fns_tinybrowser.php	Line: 355	
2012-03-01 15:28:05 (UTC)	8192 	Function sql_regcase() is deprecated	File: fns_tinybrowser.php	Line: 355	
2012-03-01 15:28:05 (UTC)	8192 	Function sql_regcase() is deprecated	File: fns_tinybrowser.php	Line: 355	
2012-03-01 15:28:21 (UTC)	8192 	Function sql_regcase() is deprecated	File: fns_tinybrowser.php	Line: 355	
2012-03-01 15:28:21 (UTC)	8192 	Function sql_regcase() is deprecated	File: fns_tinybrowser.php	Line: 355	
2012-03-01 15:28:21 (UTC)	8192 	Function sql_regcase() is deprecated	File: fns_tinybrowser.php	Line: 355	
2012-03-01 15:28:21 (UTC)	8192 	Function sql_regcase() is deprecated	File: fns_tinybrowser.php	Line: 355	
2012-03-01 15:28:23 (UTC)	8192 	Function sql_regcase() is deprecated	File: fns_tinybrowser.php	Line: 355	
2012-03-01 15:28:23 (UTC)	8192 	Function sql_regcase() is deprecated	File: fns_tinybrowser.php	Line: 355	
2012-03-01 15:28:23 (UTC)	8192 	Function sql_regcase() is deprecated	File: fns_tinybrowser.php	Line: 355	
2012-03-01 15:28:23 (UTC)	8192 	Function sql_regcase() is deprecated	File: fns_tinybrowser.php	Line: 355	
2012-03-01 15:28:31 (UTC)	8192 	Function sql_regcase() is deprecated	File: fns_tinybrowser.php	Line: 355	
2012-03-01 15:28:31 (UTC)	8192 	Function sql_regcase() is deprecated	File: fns_tinybrowser.php	Line: 355	
2012-03-01 15:28:31 (UTC)	8192 	Function sql_regcase() is deprecated	File: fns_tinybrowser.php	Line: 355	
2012-03-01 15:28:31 (UTC)	8192 	Function sql_regcase() is deprecated	File: fns_tinybrowser.php	Line: 355	
2012-03-01 15:28:34 (UTC)	8192 	Function sql_regcase() is deprecated	File: fns_tinybrowser.php	Line: 355	
2012-03-01 15:28:34 (UTC)	8192 	Function sql_regcase() is deprecated	File: fns_tinybrowser.php	Line: 355	
2012-03-01 15:28:34 (UTC)	8192 	Function sql_regcase() is deprecated	File: fns_tinybrowser.php	Line: 355	
2012-03-01 15:28:34 (UTC)	8192 	Function sql_regcase() is deprecated	File: fns_tinybrowser.php	Line: 355	
